[2022-07-25 14:21:08,778] {taskinstance.py:1179} INFO - Dependencies all met for <TaskInstance: example_python_operator.sleep_for_2 manual__2022-07-25T17:21:02.453646+00:00 [queued]>
[2022-07-25 14:21:08,785] {taskinstance.py:1179} INFO - Dependencies all met for <TaskInstance: example_python_operator.sleep_for_2 manual__2022-07-25T17:21:02.453646+00:00 [queued]>
[2022-07-25 14:21:08,785] {taskinstance.py:1376} INFO - 
--------------------------------------------------------------------------------
[2022-07-25 14:21:08,785] {taskinstance.py:1377} INFO - Starting attempt 1 of 1
[2022-07-25 14:21:08,785] {taskinstance.py:1378} INFO - 
--------------------------------------------------------------------------------
[2022-07-25 14:21:08,793] {taskinstance.py:1397} INFO - Executing <Task(_PythonDecoratedOperator): sleep_for_2> on 2022-07-25 17:21:02.453646+00:00
[2022-07-25 14:21:08,796] {standard_task_runner.py:52} INFO - Started process 5581 to run task
[2022-07-25 14:21:08,799] {standard_task_runner.py:79} INFO - Running: ['airflow', 'tasks', 'run', 'example_python_operator', 'sleep_for_2', 'manual__2022-07-25T17:21:02.453646+00:00', '--job-id', '5', '--raw', '--subdir', '/home/renan/Documents/alura/datapipeline/.env/lib/python3.10/site-packages/airflow/example_dags/example_python_operator.py', '--cfg-path', '/tmp/tmp0o30soyu', '--error-file', '/tmp/tmp4uj53sf4']
[2022-07-25 14:21:08,800] {standard_task_runner.py:80} INFO - Job 5: Subtask sleep_for_2
[2022-07-25 14:21:08,842] {task_command.py:371} INFO - Running <TaskInstance: example_python_operator.sleep_for_2 manual__2022-07-25T17:21:02.453646+00:00 [running]> on host renan-virtual-machine
[2022-07-25 14:21:08,886] {taskinstance.py:1589} INFO - Exporting the following env vars:
AIRFLOW_CTX_DAG_OWNER=airflow
AIRFLOW_CTX_DAG_ID=example_python_operator
AIRFLOW_CTX_TASK_ID=sleep_for_2
AIRFLOW_CTX_EXECUTION_DATE=2022-07-25T17:21:02.453646+00:00
AIRFLOW_CTX_TRY_NUMBER=1
AIRFLOW_CTX_DAG_RUN_ID=manual__2022-07-25T17:21:02.453646+00:00
[2022-07-25 14:21:09,087] {python.py:173} INFO - Done. Returned value was: None
[2022-07-25 14:21:09,091] {taskinstance.py:1415} INFO - Marking task as SUCCESS. dag_id=example_python_operator, task_id=sleep_for_2, execution_date=20220725T172102, start_date=20220725T172108, end_date=20220725T172109
[2022-07-25 14:21:09,105] {local_task_job.py:156} INFO - Task exited with return code 0
[2022-07-25 14:21:09,121] {local_task_job.py:273} INFO - 0 downstream tasks scheduled from follow-on schedule check
