[2022-07-25 14:24:21,676] {taskinstance.py:1179} INFO - Dependencies all met for <TaskInstance: example_python_operator.print_the_context manual__2022-07-25T17:21:02.453646+00:00 [queued]>
[2022-07-25 14:24:21,681] {taskinstance.py:1179} INFO - Dependencies all met for <TaskInstance: example_python_operator.print_the_context manual__2022-07-25T17:21:02.453646+00:00 [queued]>
[2022-07-25 14:24:21,681] {taskinstance.py:1376} INFO - 
--------------------------------------------------------------------------------
[2022-07-25 14:24:21,682] {taskinstance.py:1377} INFO - Starting attempt 2 of 2
[2022-07-25 14:24:21,682] {taskinstance.py:1378} INFO - 
--------------------------------------------------------------------------------
[2022-07-25 14:24:21,691] {taskinstance.py:1397} INFO - Executing <Task(_PythonDecoratedOperator): print_the_context> on 2022-07-25 17:21:02.453646+00:00
[2022-07-25 14:24:21,693] {standard_task_runner.py:52} INFO - Started process 5974 to run task
[2022-07-25 14:24:21,701] {standard_task_runner.py:79} INFO - Running: ['airflow', 'tasks', 'run', 'example_python_operator', 'print_the_context', 'manual__2022-07-25T17:21:02.453646+00:00', '--job-id', '8', '--raw', '--subdir', '/home/renan/Documents/alura/datapipeline/.env/lib/python3.10/site-packages/airflow/example_dags/example_python_operator.py', '--cfg-path', '/tmp/tmpq81is2ly', '--error-file', '/tmp/tmptz4y88yb']
[2022-07-25 14:24:21,702] {standard_task_runner.py:80} INFO - Job 8: Subtask print_the_context
[2022-07-25 14:24:21,756] {task_command.py:371} INFO - Running <TaskInstance: example_python_operator.print_the_context manual__2022-07-25T17:21:02.453646+00:00 [running]> on host renan-virtual-machine
[2022-07-25 14:24:21,801] {taskinstance.py:1589} INFO - Exporting the following env vars:
AIRFLOW_CTX_DAG_OWNER=airflow
AIRFLOW_CTX_DAG_ID=example_python_operator
AIRFLOW_CTX_TASK_ID=print_the_context
AIRFLOW_CTX_EXECUTION_DATE=2022-07-25T17:21:02.453646+00:00
AIRFLOW_CTX_TRY_NUMBER=2
AIRFLOW_CTX_DAG_RUN_ID=manual__2022-07-25T17:21:02.453646+00:00
[2022-07-25 14:24:21,808] {logging_mixin.py:115} WARNING - /home/renan/Documents/alura/datapipeline/.env/lib/python3.10/site-packages/airflow/utils/context.py:290 AirflowContextDeprecationWarning: Accessing 'execution_date' from the template is deprecated and will be removed in a future version. Please use 'data_interval_start' or 'logical_date' instead.
[2022-07-25 14:24:21,809] {logging_mixin.py:115} WARNING - /home/renan/Documents/alura/datapipeline/.env/lib/python3.10/site-packages/airflow/utils/context.py:290 AirflowContextDeprecationWarning: Accessing 'next_ds' from the template is deprecated and will be removed in a future version. Please use '{{ data_interval_end | ds }}' instead.
[2022-07-25 14:24:21,809] {logging_mixin.py:115} WARNING - /home/renan/Documents/alura/datapipeline/.env/lib/python3.10/site-packages/airflow/utils/context.py:290 AirflowContextDeprecationWarning: Accessing 'next_ds_nodash' from the template is deprecated and will be removed in a future version. Please use '{{ data_interval_end | ds_nodash }}' instead.
[2022-07-25 14:24:21,810] {logging_mixin.py:115} WARNING - /home/renan/Documents/alura/datapipeline/.env/lib/python3.10/site-packages/airflow/utils/context.py:290 AirflowContextDeprecationWarning: Accessing 'next_execution_date' from the template is deprecated and will be removed in a future version. Please use 'data_interval_end' instead.
[2022-07-25 14:24:21,810] {logging_mixin.py:115} WARNING - /home/renan/Documents/alura/datapipeline/.env/lib/python3.10/site-packages/airflow/utils/context.py:290 AirflowContextDeprecationWarning: Accessing 'prev_ds' from the template is deprecated and will be removed in a future version.
[2022-07-25 14:24:21,812] {logging_mixin.py:115} WARNING - /home/renan/Documents/alura/datapipeline/.env/lib/python3.10/site-packages/airflow/utils/context.py:290 AirflowContextDeprecationWarning: Accessing 'prev_ds_nodash' from the template is deprecated and will be removed in a future version.
[2022-07-25 14:24:21,812] {logging_mixin.py:115} WARNING - /home/renan/Documents/alura/datapipeline/.env/lib/python3.10/site-packages/airflow/utils/context.py:290 AirflowContextDeprecationWarning: Accessing 'prev_execution_date' from the template is deprecated and will be removed in a future version.
[2022-07-25 14:24:21,813] {logging_mixin.py:115} WARNING - /home/renan/Documents/alura/datapipeline/.env/lib/python3.10/site-packages/airflow/utils/context.py:290 AirflowContextDeprecationWarning: Accessing 'prev_execution_date_success' from the template is deprecated and will be removed in a future version. Please use 'prev_data_interval_start_success' instead.
[2022-07-25 14:24:21,814] {logging_mixin.py:115} WARNING - /home/renan/Documents/alura/datapipeline/.env/lib/python3.10/site-packages/airflow/utils/context.py:290 AirflowContextDeprecationWarning: Accessing 'tomorrow_ds' from the template is deprecated and will be removed in a future version.
[2022-07-25 14:24:21,815] {logging_mixin.py:115} WARNING - /home/renan/Documents/alura/datapipeline/.env/lib/python3.10/site-packages/airflow/utils/context.py:290 AirflowContextDeprecationWarning: Accessing 'tomorrow_ds_nodash' from the template is deprecated and will be removed in a future version.
[2022-07-25 14:24:21,815] {logging_mixin.py:115} WARNING - /home/renan/Documents/alura/datapipeline/.env/lib/python3.10/site-packages/airflow/utils/context.py:290 AirflowContextDeprecationWarning: Accessing 'yesterday_ds' from the template is deprecated and will be removed in a future version.
[2022-07-25 14:24:21,816] {logging_mixin.py:115} WARNING - /home/renan/Documents/alura/datapipeline/.env/lib/python3.10/site-packages/airflow/utils/context.py:290 AirflowContextDeprecationWarning: Accessing 'yesterday_ds_nodash' from the template is deprecated and will be removed in a future version.
[2022-07-25 14:24:21,816] {logging_mixin.py:115} INFO - {'conf': <airflow.configuration.AirflowConfigParser object at 0x7fde76732dd0>,
 'conn': None,
 'dag': <DAG: example_python_operator>,
 'dag_run': <DagRun example_python_operator @ 2022-07-25 17:21:02.453646+00:00: manual__2022-07-25T17:21:02.453646+00:00, externally triggered: True>,
 'data_interval_end': DateTime(2022, 7, 25, 17, 21, 2, 453646, tzinfo=Timezone('UTC')),
 'data_interval_start': DateTime(2022, 7, 25, 17, 21, 2, 453646, tzinfo=Timezone('UTC')),
 'ds_nodash': '20220725',
 'execution_date': <Proxy at 0x7fde73d2a000 with factory functools.partial(<function lazy_mapping_from_context.<locals>._deprecated_proxy_factory at 0x7fde73e33d90>, 'execution_date', DateTime(2022, 7, 25, 17, 21, 2, 453646, tzinfo=Timezone('UTC')))>,
 'inlets': [],
 'logical_date': DateTime(2022, 7, 25, 17, 21, 2, 453646, tzinfo=Timezone('UTC')),
 'macros': <module 'airflow.macros' from '/home/renan/Documents/alura/datapipeline/.env/lib/python3.10/site-packages/airflow/macros/__init__.py'>,
 'next_ds': <Proxy at 0x7fde73d2b1c0 with factory functools.partial(<function lazy_mapping_from_context.<locals>._deprecated_proxy_factory at 0x7fde73e33d90>, 'next_ds', '2022-07-25')>,
 'next_ds_nodash': <Proxy at 0x7fde73d2aac0 with factory functools.partial(<function lazy_mapping_from_context.<locals>._deprecated_proxy_factory at 0x7fde73e33d90>, 'next_ds_nodash', '20220725')>,
 'next_execution_date': <Proxy at 0x7fde73d2b300 with factory functools.partial(<function lazy_mapping_from_context.<locals>._deprecated_proxy_factory at 0x7fde73e33d90>, 'next_execution_date', DateTime(2022, 7, 25, 17, 21, 2, 453646, tzinfo=Timezone('UTC')))>,
 'outlets': [],
 'params': {},
 'prev_data_interval_end_success': None,
 'prev_data_interval_start_success': None,
 'prev_ds': <Proxy at 0x7fde73d2a240 with factory functools.partial(<function lazy_mapping_from_context.<locals>._deprecated_proxy_factory at 0x7fde73e33d90>, 'prev_ds', '2022-07-25')>,
 'prev_ds_nodash': <Proxy at 0x7fde73d2b500 with factory functools.partial(<function lazy_mapping_from_context.<locals>._deprecated_proxy_factory at 0x7fde73e33d90>, 'prev_ds_nodash', '20220725')>,
 'prev_execution_date': <Proxy at 0x7fde73d2ab00 with factory functools.partial(<function lazy_mapping_from_context.<locals>._deprecated_proxy_factory at 0x7fde73e33d90>, 'prev_execution_date', DateTime(2022, 7, 25, 17, 21, 2, 453646, tzinfo=Timezone('UTC')))>,
 'prev_execution_date_success': <Proxy at 0x7fde73d2b380 with factory functools.partial(<function lazy_mapping_from_context.<locals>._deprecated_proxy_factory at 0x7fde73e33d90>, 'prev_execution_date_success', None)>,
 'prev_start_date_success': None,
 'run_id': 'manual__2022-07-25T17:21:02.453646+00:00',
 'task': <Task(_PythonDecoratedOperator): print_the_context>,
 'task_instance': <TaskInstance: example_python_operator.print_the_context manual__2022-07-25T17:21:02.453646+00:00 [running]>,
 'task_instance_key_str': 'example_python_operator__print_the_context__20220725',
 'templates_dict': None,
 'test_mode': False,
 'ti': <TaskInstance: example_python_operator.print_the_context manual__2022-07-25T17:21:02.453646+00:00 [running]>,
 'tomorrow_ds': <Proxy at 0x7fde73d2bfc0 with factory functools.partial(<function lazy_mapping_from_context.<locals>._deprecated_proxy_factory at 0x7fde73e33d90>, 'tomorrow_ds', '2022-07-26')>,
 'tomorrow_ds_nodash': <Proxy at 0x7fde73d2b340 with factory functools.partial(<function lazy_mapping_from_context.<locals>._deprecated_proxy_factory at 0x7fde73e33d90>, 'tomorrow_ds_nodash', '20220726')>,
 'ts': '2022-07-25T17:21:02.453646+00:00',
 'ts_nodash': '20220725T172102',
 'ts_nodash_with_tz': '20220725T172102.453646+0000',
 'var': {'json': None, 'value': None},
 'yesterday_ds': <Proxy at 0x7fde73d2acc0 with factory functools.partial(<function lazy_mapping_from_context.<locals>._deprecated_proxy_factory at 0x7fde73e33d90>, 'yesterday_ds', '2022-07-24')>,
 'yesterday_ds_nodash': <Proxy at 0x7fde73d2adc0 with factory functools.partial(<function lazy_mapping_from_context.<locals>._deprecated_proxy_factory at 0x7fde73e33d90>, 'yesterday_ds_nodash', '20220724')>}
[2022-07-25 14:24:21,816] {logging_mixin.py:115} INFO - 2022-07-25
[2022-07-25 14:24:21,816] {python.py:173} INFO - Done. Returned value was: Whatever you return gets printed in the logs
[2022-07-25 14:24:21,830] {taskinstance.py:1415} INFO - Marking task as SUCCESS. dag_id=example_python_operator, task_id=print_the_context, execution_date=20220725T172102, start_date=20220725T172421, end_date=20220725T172421
[2022-07-25 14:24:21,873] {local_task_job.py:156} INFO - Task exited with return code 0
[2022-07-25 14:24:21,900] {local_task_job.py:273} INFO - 5 downstream tasks scheduled from follow-on schedule check
